2025-10-28 01:15:28, MOVE, v:1, k:poo@motoca, mode:PICK
2025-10-28 01:15:29, EXEC, v:1, k:poo@motoca, mode:FULL, rate:0, size:5
2025-10-28 01:17:23, EXEC, v:1, k:poo@motoca, mode:FULL, rate:0, size:7
2025-10-28 01:25:25, EXEC, v:1, k:poo@motoca, mode:FULL, rate:0, size:13
2025-10-28 01:35:49, EXEC, v:1, k:poo@motoca, mode:FULL, rate:0, size:26
2025-10-28 01:36:32, EXEC, v:1, k:poo@motoca, mode:FULL, rate:0, size:27
2025-10-28 01:39:09, EXEC, v:1, k:poo@motoca, mode:FULL, rate:0, size:33
2025-10-28 01:42:38, EXEC, v:1, k:poo@motoca, mode:FULL, rate:0, size:40
2025-10-28 01:54:59, EXEC, v:1, k:poo@motoca, mode:FULL, rate:0, size:52
2025-10-28 02:02:44, EXEC, v:1, k:poo@motoca, mode:FULL, rate:0, size:63
2025-10-28 02:08:08, EXEC, v:1, k:poo@motoca, mode:FULL, rate:0, size:70
2025-10-28 02:09:54, EXEC, v:1, k:poo@motoca, mode:FULL, rate:0, size:77
2025-10-28 02:12:40, EXEC, v:1, k:poo@motoca, mode:FULL, rate:0, size:83
2025-10-28 02:16:18, EXEC, v:1, k:poo@motoca, mode:FULL, rate:100, size:91
2025-10-28 15:05:48, MOVE, v:1, k:poo@grafite, mode:DOWN
2025-10-28 15:08:34, MOVE, v:1, k:poo@grafite, mode:PICK
2025-10-28 15:08:35, EXEC, v:1, k:poo@grafite, mode:FULL, rate:0, size:3
2025-10-28 15:18:16, EXEC, v:1, k:poo@grafite, mode:FULL, rate:0, size:14
2025-10-28 15:28:07, EXEC, v:1, k:poo@grafite, mode:FULL, rate:0, size:26
2025-10-28 15:41:14, EXEC, v:1, k:poo@grafite, mode:FULL, rate:0, size:34
2025-10-28 15:41:15, EXEC, v:1, k:poo@grafite, mode:FULL, rate:0
2025-10-28 15:46:37, EXEC, v:1, k:poo@grafite, mode:FULL, rate:0, size:40
2025-10-28 15:52:37, EXEC, v:1, k:poo@grafite, mode:FULL, rate:0, size:49
2025-10-28 16:09:07, EXEC, v:1, k:poo@grafite, mode:FULL, rate:0, size:81
2025-10-28 16:11:31, EXEC, v:1, k:poo@grafite, mode:FULL, rate:0, size:85
2025-10-28 16:14:28, EXEC, v:1, k:poo@grafite, mode:FULL, rate:0, size:94
2025-10-28 16:19:53, EXEC, v:1, k:poo@grafite, mode:FULL, rate:0, size:102
2025-10-28 16:20:43, EXEC, v:1, k:poo@grafite, mode:FULL, rate:0, size:108
2025-10-28 16:25:24, EXEC, v:1, k:poo@grafite, mode:FULL, rate:0, size:113
2025-10-28 16:26:35, EXEC, v:1, k:poo@grafite, mode:FULL, rate:0, size:119
2025-10-28 16:29:30, EXEC, v:1, k:poo@grafite, mode:FULL, rate:100, size:135
2025-10-28 16:30:32, MOVE, v:1, k:poo@grafite, mode:BACK
2025-10-28 16:30:50, MOVE, v:1, k:poo@motoca, mode:PICK
2025-10-28 16:30:51, EXEC, v:1, k:poo@motoca, mode:FULL, rate:100
2025-10-28 16:30:52, MOVE, v:1, k:poo@motoca, mode:BACK
2025-10-28 16:33:34, SELF, v:1, k:poo@motoca, rate:100, guide:video, alone:8, study:90
2025-10-28 16:33:37, MOVE, v:1, k:poo@motoca, mode:PICK
2025-10-28 16:33:38, EXEC, v:1, k:poo@motoca, mode:FULL, rate:100
2025-10-28 16:33:39, MOVE, v:1, k:poo@motoca, mode:BACK
2025-10-28 16:34:16, MOVE, v:1, k:poo@grafite, mode:PICK
2025-10-28 16:34:19, MOVE, v:1, k:poo@grafite, mode:BACK
2025-10-28 16:34:23, MOVE, v:1, k:poo@grafite, mode:PICK
2025-10-28 16:34:24, EXEC, v:1, k:poo@grafite, mode:FREE
2025-10-28 16:35:50, SELF, v:1, k:poo@grafite, rate:100, human:amigo, alone:8, study:90
2025-10-28 16:36:00, MOVE, v:1, k:poo@grafite, mode:PICK
2025-10-28 16:36:01, EXEC, v:1, k:poo@grafite, mode:FULL, rate:100
2025-10-28 16:36:02, MOVE, v:1, k:poo@grafite, mode:BACK
