2025-10-14 00:59:38, MOVE, v:1, k:poo@relogio, mode:PICK
2025-10-14 00:59:40, EXEC, v:1, k:poo@relogio, mode:FREE, size:83
2025-10-14 01:17:22, MOVE, v:1, k:poo@relogio, mode:PICK
2025-10-14 01:17:23, EXEC, v:1, k:poo@relogio, mode:FREE, size:83
2025-10-14 01:18:32, MOVE, v:1, k:poo@camisa, mode:PICK
2025-10-14 01:18:33, EXEC, v:1, k:poo@camisa, mode:FREE, size:29
2025-10-14 01:27:28, MOVE, v:1, k:poo@relogio, mode:PICK
2025-10-14 01:27:29, EXEC, v:1, k:poo@relogio, mode:FREE, size:83
2025-10-14 01:34:26, EXEC, v:1, k:camisa@py, mode:FREE, size:174
2025-10-14 01:35:00, MOVE, v:1, k:poo@relogio, mode:PICK
2025-10-14 01:35:02, EXEC, v:1, k:poo@relogio, mode:FREE, size:83
2025-10-14 01:35:52, MOVE, v:1, k:poo@relogio, mode:PICK
2025-10-14 01:35:53, EXEC, v:1, k:poo@relogio, mode:FREE
2025-10-14 19:37:13, MOVE, v:1, k:poo@relogio, mode:PICK
2025-10-14 19:37:14, EXEC, v:1, k:poo@relogio, mode:FREE
2025-10-14 19:47:46, MOVE, v:1, k:poo@roupa, mode:PICK
2025-10-14 19:47:48, EXEC, v:1, k:poo@roupa, mode:FREE
2025-10-14 19:49:52, MOVE, v:1, k:poo@roupa, mode:PICK
2025-10-14 19:49:52, EXEC, v:1, k:poo@roupa, mode:FULL, rate:0
2025-10-14 19:51:28, MOVE, v:1, k:poo@relogio, mode:PICK
2025-10-14 19:51:29, EXEC, v:1, k:poo@relogio, mode:FREE
2025-10-14 19:52:47, MOVE, v:1, k:poo@relogio, mode:PICK
2025-10-14 19:52:48, EXEC, v:1, k:poo@relogio, mode:FULL, rate:38
