2025-11-16 03:17:08, MOVE, v:1, k:poo@budega, mode:PICK
2025-11-16 03:17:10, EXEC, v:1, k:poo@budega, mode:FULL, rate:0, size:68
2025-11-16 03:17:11, MOVE, v:1, k:poo@budega, mode:BACK
2025-11-16 03:18:57, MOVE, v:1, k:poo@budega, mode:PICK
2025-11-16 03:18:58, EXEC, v:1, k:poo@budega, mode:FULL, rate:0, size:71
2025-11-16 03:19:15, MOVE, v:1, k:poo@budega, mode:BACK
2025-11-16 03:21:42, MOVE, v:1, k:poo@budega, mode:PICK
2025-11-16 03:21:44, EXEC, v:1, k:poo@budega, mode:FULL, rate:0, size:71
2025-11-16 03:21:45, MOVE, v:1, k:poo@budega, mode:BACK
2025-11-16 03:23:18, MOVE, v:1, k:poo@budega, mode:PICK
2025-11-16 03:23:19, EXEC, v:1, k:poo@budega, mode:FULL, rate:0, size:71
2025-11-16 03:23:20, EXEC, v:1, k:poo@budega, mode:FULL, rate:0
2025-11-16 03:23:21, MOVE, v:1, k:poo@budega, mode:BACK
2025-11-16 03:24:17, MOVE, v:1, k:poo@budega, mode:PICK
2025-11-16 03:24:18, EXEC, v:1, k:poo@budega, mode:FULL, rate:0, size:72
2025-11-16 03:24:27, MOVE, v:1, k:poo@budega, mode:BACK
2025-11-16 03:25:55, MOVE, v:1, k:poo@budega, mode:PICK
2025-11-16 03:25:56, EXEC, v:1, k:poo@budega, mode:FULL, rate:0, size:72
2025-11-16 03:25:59, MOVE, v:1, k:poo@budega, mode:BACK
2025-11-16 03:26:48, MOVE, v:1, k:poo@budega, mode:PICK
2025-11-16 03:26:49, EXEC, v:1, k:poo@budega, mode:FULL, rate:0, size:73
2025-11-16 03:26:52, MOVE, v:1, k:poo@budega, mode:BACK
2025-11-16 03:30:55, MOVE, v:1, k:poo@budega, mode:PICK
2025-11-16 03:30:55, EXEC, v:1, k:poo@budega, mode:FULL, rate:0, size:73
2025-11-16 03:30:59, MOVE, v:1, k:poo@budega, mode:BACK
2025-11-16 03:34:38, MOVE, v:1, k:poo@budega, mode:PICK
2025-11-16 03:34:39, EXEC, v:1, k:poo@budega, mode:FULL, rate:0, size:73
2025-11-16 03:34:41, MOVE, v:1, k:poo@budega, mode:BACK
2025-11-16 03:41:57, MOVE, v:1, k:poo@budega, mode:PICK
2025-11-16 03:41:58, EXEC, v:1, k:poo@budega, mode:FULL, rate:0, size:73
2025-11-16 03:42:00, MOVE, v:1, k:poo@budega, mode:BACK
2025-11-16 03:43:17, MOVE, v:1, k:poo@budega, mode:PICK
2025-11-16 03:43:18, EXEC, v:1, k:poo@budega, mode:FULL, rate:0, size:69
2025-11-16 03:43:19, MOVE, v:1, k:poo@budega, mode:BACK
2025-11-16 03:46:56, MOVE, v:1, k:poo@budega, mode:PICK
2025-11-16 03:46:57, EXEC, v:1, k:poo@budega, mode:FULL, rate:0, size:71
2025-11-16 03:46:57, EXEC, v:1, k:poo@budega, mode:FULL, rate:0, size:71
2025-11-16 03:46:58, MOVE, v:1, k:poo@budega, mode:BACK
2025-11-16 03:49:22, MOVE, v:1, k:poo@budega, mode:PICK
2025-11-16 03:49:23, EXEC, v:1, k:poo@budega, mode:FULL, rate:0, size:74
2025-11-16 03:49:24, MOVE, v:1, k:poo@budega, mode:BACK
2025-11-16 03:52:38, MOVE, v:1, k:poo@budega, mode:PICK
2025-11-16 03:52:40, EXEC, v:1, k:poo@budega, mode:FULL, rate:0, size:71
2025-11-16 03:52:42, MOVE, v:1, k:poo@budega, mode:BACK
2025-11-16 03:58:40, MOVE, v:1, k:poo@budega, mode:PICK
2025-11-16 03:58:41, EXEC, v:1, k:poo@budega, mode:FULL, rate:0, size:71
2025-11-16 03:58:43, MOVE, v:1, k:poo@budega, mode:BACK
2025-11-16 04:05:24, MOVE, v:1, k:poo@budega, mode:PICK
2025-11-16 04:05:24, EXEC, v:1, k:poo@budega, mode:FULL, rate:0, size:74
2025-11-16 04:05:30, MOVE, v:1, k:poo@budega, mode:BACK
2025-11-16 04:13:17, MOVE, v:1, k:poo@budega, mode:PICK
2025-11-16 04:13:19, EXEC, v:1, k:poo@budega, mode:FULL, rate:0, size:73
2025-11-16 04:13:20, MOVE, v:1, k:poo@budega, mode:BACK
2025-11-16 04:19:32, MOVE, v:1, k:poo@budega, mode:PICK
2025-11-16 04:19:33, EXEC, v:1, k:poo@budega, mode:FULL, rate:0, size:75
2025-11-16 04:19:34, MOVE, v:1, k:poo@budega, mode:BACK
2025-11-16 04:27:23, MOVE, v:1, k:poo@budega, mode:PICK
2025-11-16 04:27:24, EXEC, v:1, k:poo@budega, mode:FULL, rate:0, size:77
2025-11-16 04:27:26, MOVE, v:1, k:poo@budega, mode:BACK
2025-11-16 04:32:04, MOVE, v:1, k:poo@budega, mode:PICK
2025-11-16 04:32:05, EXEC, v:1, k:poo@budega, mode:FULL, rate:0, size:78
2025-11-16 04:32:06, EXEC, v:1, k:poo@budega, mode:FULL, rate:0
2025-11-16 04:32:06, EXEC, v:1, k:poo@budega, mode:FULL, rate:0
2025-11-16 04:32:20, MOVE, v:1, k:poo@budega, mode:BACK
2025-11-16 04:36:36, MOVE, v:1, k:poo@budega, mode:PICK
2025-11-16 04:36:37, EXEC, v:1, k:poo@budega, mode:FULL, rate:0, size:76
2025-11-16 04:36:50, MOVE, v:1, k:poo@budega, mode:BACK
2025-11-16 04:41:13, MOVE, v:1, k:poo@budega, mode:PICK
2025-11-16 04:41:14, EXEC, v:1, k:poo@budega, mode:FULL, rate:0, size:76
2025-11-16 04:41:15, MOVE, v:1, k:poo@budega, mode:BACK
2025-11-16 04:48:11, MOVE, v:1, k:poo@budega, mode:PICK
2025-11-16 04:48:11, EXEC, v:1, k:poo@budega, mode:FULL, rate:0, size:77
2025-11-16 04:48:13, MOVE, v:1, k:poo@budega, mode:BACK
2025-11-16 04:51:03, MOVE, v:1, k:poo@budega, mode:PICK
2025-11-16 04:51:04, EXEC, v:1, k:poo@budega, mode:FULL, rate:0, size:78
2025-11-16 04:51:06, MOVE, v:1, k:poo@budega, mode:BACK
2025-11-16 04:56:07, MOVE, v:1, k:poo@budega, mode:PICK
2025-11-16 04:56:08, EXEC, v:1, k:poo@budega, mode:FULL, rate:0, size:79
2025-11-16 04:56:12, MOVE, v:1, k:poo@budega, mode:BACK
2025-11-16 04:59:55, MOVE, v:1, k:poo@budega, mode:PICK
2025-11-16 04:59:56, EXEC, v:1, k:poo@budega, mode:FULL, rate:0, size:80
2025-11-16 04:59:57, MOVE, v:1, k:poo@budega, mode:BACK
2025-11-16 05:03:40, MOVE, v:1, k:poo@budega, mode:PICK
2025-11-16 05:03:40, EXEC, v:1, k:poo@budega, mode:FULL, rate:0, size:79
2025-11-16 05:03:41, EXEC, v:1, k:poo@budega, mode:FULL, rate:0
2025-11-16 05:03:44, MOVE, v:1, k:poo@budega, mode:BACK
2025-11-16 05:05:34, MOVE, v:1, k:poo@budega, mode:PICK
2025-11-16 05:05:34, EXEC, v:1, k:poo@budega, mode:FULL, rate:0, size:80
2025-11-16 05:05:36, MOVE, v:1, k:poo@budega, mode:BACK
2025-11-16 05:06:37, MOVE, v:1, k:poo@budega, mode:PICK
2025-11-16 05:06:38, EXEC, v:1, k:poo@budega, mode:FULL, rate:0, size:80
2025-11-16 05:06:39, MOVE, v:1, k:poo@budega, mode:BACK
2025-11-16 05:09:01, MOVE, v:1, k:poo@budega, mode:PICK
2025-11-16 05:09:01, EXEC, v:1, k:poo@budega, mode:FULL, rate:0, size:80
2025-11-16 05:09:03, MOVE, v:1, k:poo@budega, mode:BACK
2025-11-16 12:14:58, MOVE, v:1, k:poo@budega, mode:PICK
2025-11-16 12:14:59, EXEC, v:1, k:poo@budega, mode:FULL, rate:0
2025-11-16 12:15:01, MOVE, v:1, k:poo@budega, mode:BACK
2025-11-16 12:17:01, MOVE, v:1, k:poo@budega, mode:PICK
2025-11-16 12:17:01, EXEC, v:1, k:poo@budega, mode:FULL, rate:0, size:83
2025-11-16 12:17:07, MOVE, v:1, k:poo@budega, mode:BACK
2025-11-16 12:18:55, MOVE, v:1, k:poo@budega, mode:PICK
2025-11-16 12:18:55, EXEC, v:1, k:poo@budega, mode:FULL, rate:0, size:84
2025-11-16 12:19:00, MOVE, v:1, k:poo@budega, mode:BACK
2025-11-16 12:24:31, MOVE, v:1, k:poo@budega, mode:PICK
2025-11-16 12:24:32, EXEC, v:1, k:poo@budega, mode:FULL, rate:0, size:90
2025-11-16 12:24:36, MOVE, v:1, k:poo@budega, mode:BACK
2025-11-16 12:24:53, MOVE, v:1, k:poo@budega, mode:PICK
2025-11-16 12:24:54, EXEC, v:1, k:poo@budega, mode:FULL, rate:0, size:92
2025-11-16 12:24:54, EXEC, v:1, k:poo@budega, mode:FULL, rate:0, size:92
2025-11-16 12:27:24, EXEC, v:1, k:poo@budega, mode:FULL, rate:0, size:92
2025-11-16 12:29:42, EXEC, v:1, k:poo@budega, mode:FULL, rate:0, size:92
2025-11-16 12:29:43, EXEC, v:1, k:poo@budega, mode:FULL, rate:0
2025-11-16 12:32:38, EXEC, v:1, k:poo@budega, mode:FULL, rate:10, size:92
2025-11-16 12:32:47, EXEC, v:1, k:poo@budega, mode:FULL, rate:100, size:92
2025-11-16 12:32:55, MOVE, v:1, k:poo@budega, mode:BACK
2025-11-16 12:34:11, MOVE, v:1, k:poo@lapiseira, mode:DOWN
2025-11-16 12:34:30, MOVE, v:1, k:poo@lapiseira, mode:PICK
2025-11-16 12:34:31, EXEC, v:1, k:poo@lapiseira, mode:FULL, rate:0, size:0
2025-11-16 12:34:32, MOVE, v:1, k:poo@lapiseira, mode:BACK
2025-11-16 12:41:52, MOVE, v:1, k:poo@lapiseira, mode:PICK
2025-11-16 12:41:52, EXEC, v:1, k:poo@lapiseira, mode:FULL, rate:0, size:2
2025-11-16 12:41:53, EXEC, v:1, k:poo@lapiseira, mode:FULL, rate:0
2025-11-16 12:41:54, MOVE, v:1, k:poo@lapiseira, mode:BACK
2025-11-16 12:46:09, MOVE, v:1, k:poo@lapiseira, mode:PICK
2025-11-16 12:46:09, EXEC, v:1, k:poo@lapiseira, mode:FULL, rate:0, size:3
2025-11-16 12:46:10, MOVE, v:1, k:poo@lapiseira, mode:BACK
2025-11-16 12:50:27, MOVE, v:1, k:poo@lapiseira, mode:PICK
2025-11-16 12:50:28, EXEC, v:1, k:poo@lapiseira, mode:FULL, rate:0, size:4
2025-11-16 12:50:31, MOVE, v:1, k:poo@lapiseira, mode:BACK
2025-11-16 12:54:01, MOVE, v:1, k:poo@lapiseira, mode:PICK
2025-11-16 12:54:02, EXEC, v:1, k:poo@lapiseira, mode:FULL, rate:0, size:5
2025-11-16 12:54:03, MOVE, v:1, k:poo@lapiseira, mode:BACK
2025-11-16 12:59:13, MOVE, v:1, k:poo@lapiseira, mode:PICK
2025-11-16 12:59:13, EXEC, v:1, k:poo@lapiseira, mode:FULL, rate:0, size:8
2025-11-16 12:59:16, MOVE, v:1, k:poo@lapiseira, mode:BACK
2025-11-16 13:03:49, MOVE, v:1, k:poo@lapiseira, mode:PICK
2025-11-16 13:03:49, EXEC, v:1, k:poo@lapiseira, mode:FULL, rate:0, size:12
2025-11-16 13:03:50, EXEC, v:1, k:poo@lapiseira, mode:FULL, rate:0
2025-11-16 13:03:50, MOVE, v:1, k:poo@lapiseira, mode:BACK
2025-11-16 13:05:39, MOVE, v:1, k:poo@lapiseira, mode:PICK
2025-11-16 13:05:39, EXEC, v:1, k:poo@lapiseira, mode:FULL, rate:0, size:12
2025-11-16 13:05:40, MOVE, v:1, k:poo@lapiseira, mode:BACK
2025-11-16 13:17:01, MOVE, v:1, k:poo@lapiseira, mode:PICK
2025-11-16 13:17:02, EXEC, v:1, k:poo@lapiseira, mode:FULL, rate:0, size:14
2025-11-16 13:17:03, EXEC, v:1, k:poo@lapiseira, mode:FULL, rate:0
2025-11-16 13:17:08, EXEC, v:1, k:poo@lapiseira, mode:FULL, rate:0
2025-11-16 13:17:09, EXEC, v:1, k:poo@lapiseira, mode:FULL, rate:0
2025-11-16 13:17:10, EXEC, v:1, k:poo@lapiseira, mode:FULL, rate:0
2025-11-16 13:17:12, MOVE, v:1, k:poo@lapiseira, mode:BACK
2025-11-16 13:17:14, MOVE, v:1, k:poo@lapiseira, mode:PICK
2025-11-16 13:17:15, EXEC, v:1, k:poo@lapiseira, mode:FULL, rate:0
2025-11-16 13:17:25, EXEC, v:1, k:poo@lapiseira, mode:FULL, rate:0, size:16
2025-11-16 13:17:47, EXEC, v:1, k:poo@lapiseira, mode:FULL, rate:0, size:14
2025-11-16 13:17:48, MOVE, v:1, k:poo@lapiseira, mode:BACK
2025-11-16 13:20:21, MOVE, v:1, k:poo@lapiseira, mode:PICK
2025-11-16 13:20:21, EXEC, v:1, k:poo@lapiseira, mode:FULL, rate:0, size:16
2025-11-16 13:23:00, EXEC, v:1, k:poo@lapiseira, mode:FULL, rate:0, size:18
2025-11-16 13:23:00, EXEC, v:1, k:poo@lapiseira, mode:FULL, rate:0, size:18
2025-11-16 13:23:04, MOVE, v:1, k:poo@lapiseira, mode:BACK
2025-11-16 13:25:13, MOVE, v:1, k:poo@lapiseira, mode:PICK
2025-11-16 13:25:14, EXEC, v:1, k:poo@lapiseira, mode:FULL, rate:0, size:20
2025-11-16 13:25:15, EXEC, v:1, k:poo@lapiseira, mode:FULL, rate:0
2025-11-16 13:25:16, MOVE, v:1, k:poo@lapiseira, mode:BACK
2025-11-16 13:31:30, MOVE, v:1, k:poo@lapiseira, mode:PICK
2025-11-16 13:31:30, EXEC, v:1, k:poo@lapiseira, mode:FULL, rate:0, size:24
2025-11-16 13:31:32, EXEC, v:1, k:poo@lapiseira, mode:FULL, rate:0
2025-11-16 13:31:32, MOVE, v:1, k:poo@lapiseira, mode:BACK
2025-11-16 13:33:13, MOVE, v:1, k:poo@lapiseira, mode:PICK
2025-11-16 13:33:14, EXEC, v:1, k:poo@lapiseira, mode:FULL, rate:0, size:26
2025-11-16 13:33:18, MOVE, v:1, k:poo@lapiseira, mode:BACK
2025-11-16 13:38:20, MOVE, v:1, k:poo@lapiseira, mode:PICK
2025-11-16 13:38:21, EXEC, v:1, k:poo@lapiseira, mode:FULL, rate:0, size:29
2025-11-16 13:38:22, MOVE, v:1, k:poo@lapiseira, mode:BACK
2025-11-16 13:39:52, MOVE, v:1, k:poo@lapiseira, mode:PICK
2025-11-16 13:39:53, EXEC, v:1, k:poo@lapiseira, mode:FULL, rate:0, size:32
2025-11-16 13:39:54, EXEC, v:1, k:poo@lapiseira, mode:FULL, rate:0
2025-11-16 13:39:54, EXEC, v:1, k:poo@lapiseira, mode:FULL, rate:0
2025-11-16 13:39:55, MOVE, v:1, k:poo@lapiseira, mode:BACK
2025-11-16 13:44:21, MOVE, v:1, k:poo@lapiseira, mode:PICK
2025-11-16 13:44:21, EXEC, v:1, k:poo@lapiseira, mode:FULL, rate:0, size:33
2025-11-16 13:44:22, EXEC, v:1, k:poo@lapiseira, mode:FULL, rate:0
2025-11-16 13:44:24, MOVE, v:1, k:poo@lapiseira, mode:BACK
2025-11-16 13:48:58, MOVE, v:1, k:poo@lapiseira, mode:PICK
2025-11-16 13:48:59, EXEC, v:1, k:poo@lapiseira, mode:FULL, rate:0, size:32
2025-11-16 13:49:00, MOVE, v:1, k:poo@lapiseira, mode:BACK
2025-11-16 13:51:04, MOVE, v:1, k:poo@lapiseira, mode:PICK
2025-11-16 13:51:05, EXEC, v:1, k:poo@lapiseira, mode:FULL, rate:0, size:35
2025-11-16 13:51:06, MOVE, v:1, k:poo@lapiseira, mode:BACK
2025-11-16 13:57:22, MOVE, v:1, k:poo@lapiseira, mode:PICK
2025-11-16 13:57:23, EXEC, v:1, k:poo@lapiseira, mode:FULL, rate:0, size:37
2025-11-16 13:57:24, MOVE, v:1, k:poo@lapiseira, mode:BACK
2025-11-16 14:04:57, MOVE, v:1, k:poo@lapiseira, mode:PICK
2025-11-16 14:04:57, EXEC, v:1, k:poo@lapiseira, mode:FULL, rate:0, size:39
2025-11-16 14:04:59, MOVE, v:1, k:poo@lapiseira, mode:BACK
2025-11-16 14:11:49, MOVE, v:1, k:poo@lapiseira, mode:PICK
2025-11-16 14:11:49, EXEC, v:1, k:poo@lapiseira, mode:FULL, rate:0, size:39
2025-11-16 14:11:50, MOVE, v:1, k:poo@lapiseira, mode:BACK
2025-11-16 14:17:22, MOVE, v:1, k:poo@lapiseira, mode:PICK
2025-11-16 14:17:22, EXEC, v:1, k:poo@lapiseira, mode:FULL, rate:0, size:38
2025-11-16 14:17:23, EXEC, v:1, k:poo@lapiseira, mode:FULL, rate:0
2025-11-16 14:17:24, MOVE, v:1, k:poo@lapiseira, mode:BACK
2025-11-16 14:17:26, MOVE, v:1, k:poo@lapiseira, mode:PICK
2025-11-16 14:17:26, MOVE, v:1, k:poo@lapiseira, mode:BACK
2025-11-16 14:21:02, MOVE, v:1, k:poo@lapiseira, mode:PICK
2025-11-16 14:21:02, EXEC, v:1, k:poo@lapiseira, mode:FULL, rate:0, size:39
2025-11-16 14:21:04, EXEC, v:1, k:poo@lapiseira, mode:FULL, rate:0
2025-11-16 14:21:05, MOVE, v:1, k:poo@lapiseira, mode:BACK
2025-11-16 14:25:54, MOVE, v:1, k:poo@lapiseira, mode:PICK
2025-11-16 14:25:55, EXEC, v:1, k:poo@lapiseira, mode:FULL, rate:0
2025-11-16 14:25:56, MOVE, v:1, k:poo@lapiseira, mode:BACK
2025-11-16 14:33:36, MOVE, v:1, k:poo@lapiseira, mode:PICK
2025-11-16 14:33:37, EXEC, v:1, k:poo@lapiseira, mode:FULL, rate:0, size:43
2025-11-16 14:33:38, MOVE, v:1, k:poo@lapiseira, mode:BACK
2025-11-16 14:38:10, MOVE, v:1, k:poo@lapiseira, mode:PICK
2025-11-16 14:38:11, EXEC, v:1, k:poo@lapiseira, mode:FULL, rate:0, size:44
2025-11-16 14:38:12, MOVE, v:1, k:poo@lapiseira, mode:BACK
2025-11-16 14:46:38, MOVE, v:1, k:poo@lapiseira, mode:PICK
2025-11-16 14:46:38, EXEC, v:1, k:poo@lapiseira, mode:FULL, rate:0, size:44
2025-11-16 14:46:42, EXEC, v:1, k:poo@lapiseira, mode:FULL, rate:0
2025-11-16 14:46:45, EXEC, v:1, k:poo@lapiseira, mode:FULL, rate:0
2025-11-16 14:46:53, EXEC, v:1, k:poo@lapiseira, mode:FULL, rate:0
2025-11-16 14:46:59, MOVE, v:1, k:poo@lapiseira, mode:BACK
2025-11-16 14:48:33, MOVE, v:1, k:poo@lapiseira, mode:PICK
2025-11-16 14:48:34, EXEC, v:1, k:poo@lapiseira, mode:FULL, rate:0, size:48
2025-11-16 14:48:35, MOVE, v:1, k:poo@lapiseira, mode:BACK
2025-11-16 14:56:33, MOVE, v:1, k:poo@lapiseira, mode:PICK
2025-11-16 14:56:34, EXEC, v:1, k:poo@lapiseira, mode:FULL, rate:0
2025-11-16 14:56:35, MOVE, v:1, k:poo@lapiseira, mode:BACK
2025-11-16 14:59:04, MOVE, v:1, k:poo@lapiseira, mode:PICK
2025-11-16 14:59:05, EXEC, v:1, k:poo@lapiseira, mode:FULL, rate:0, size:52
2025-11-16 14:59:06, MOVE, v:1, k:poo@lapiseira, mode:BACK
2025-11-16 15:07:10, MOVE, v:1, k:poo@lapiseira, mode:PICK
2025-11-16 15:07:11, EXEC, v:1, k:poo@lapiseira, mode:FULL, rate:0, size:53
2025-11-16 15:07:12, MOVE, v:1, k:poo@lapiseira, mode:BACK
2025-11-16 15:07:43, MOVE, v:1, k:poo@lapiseira, mode:PICK
2025-11-16 15:07:44, EXEC, v:1, k:poo@lapiseira, mode:FULL, rate:0, size:54
2025-11-16 15:07:45, MOVE, v:1, k:poo@lapiseira, mode:BACK
2025-11-16 15:13:41, MOVE, v:1, k:poo@lapiseira, mode:PICK
2025-11-16 15:13:42, EXEC, v:1, k:poo@lapiseira, mode:FULL, rate:0, size:54
2025-11-16 15:13:43, MOVE, v:1, k:poo@lapiseira, mode:BACK
2025-11-16 15:13:45, MOVE, v:1, k:poo@lapiseira, mode:PICK
2025-11-16 15:13:46, EXEC, v:1, k:poo@lapiseira, mode:FULL, rate:0
2025-11-16 15:13:46, MOVE, v:1, k:poo@lapiseira, mode:BACK
2025-11-16 15:15:45, MOVE, v:1, k:poo@lapiseira, mode:PICK
2025-11-16 15:15:46, EXEC, v:1, k:poo@lapiseira, mode:FULL, rate:0, size:60
2025-11-16 15:15:46, MOVE, v:1, k:poo@lapiseira, mode:BACK
2025-11-16 15:15:47, MOVE, v:1, k:poo@lapiseira, mode:PICK
2025-11-16 15:15:48, EXEC, v:1, k:poo@lapiseira, mode:FULL, rate:0
2025-11-16 15:15:49, MOVE, v:1, k:poo@lapiseira, mode:BACK
2025-11-16 15:18:28, MOVE, v:1, k:poo@lapiseira, mode:PICK
2025-11-16 15:18:29, EXEC, v:1, k:poo@lapiseira, mode:FULL, rate:0
2025-11-16 15:18:29, MOVE, v:1, k:poo@lapiseira, mode:BACK
2025-11-16 15:19:44, MOVE, v:1, k:poo@lapiseira, mode:PICK
2025-11-16 15:19:45, EXEC, v:1, k:poo@lapiseira, mode:FULL, rate:0, size:62
2025-11-16 15:19:45, EXEC, v:1, k:poo@lapiseira, mode:FULL, rate:0, size:62
2025-11-16 15:19:45, EXEC, v:1, k:poo@lapiseira, mode:FULL, rate:0, size:62
2025-11-16 15:19:46, EXEC, v:1, k:poo@lapiseira, mode:FULL, rate:0
2025-11-16 15:19:47, MOVE, v:1, k:poo@lapiseira, mode:BACK
2025-11-16 15:25:39, MOVE, v:1, k:poo@lapiseira, mode:PICK
2025-11-16 15:25:40, EXEC, v:1, k:poo@lapiseira, mode:FULL, rate:0, size:64
2025-11-16 15:25:40, MOVE, v:1, k:poo@lapiseira, mode:BACK
2025-11-16 15:26:59, MOVE, v:1, k:poo@lapiseira, mode:PICK
2025-11-16 15:26:59, EXEC, v:1, k:poo@lapiseira, mode:FULL, rate:0, size:64
2025-11-16 15:27:00, MOVE, v:1, k:poo@lapiseira, mode:BACK
2025-11-16 15:32:50, MOVE, v:1, k:poo@lapiseira, mode:PICK
2025-11-16 15:32:51, EXEC, v:1, k:poo@lapiseira, mode:FULL, rate:0, size:68
2025-11-16 15:32:52, EXEC, v:1, k:poo@lapiseira, mode:FULL, rate:0
2025-11-16 15:32:52, MOVE, v:1, k:poo@lapiseira, mode:BACK
2025-11-16 15:55:03, MOVE, v:1, k:poo@lapiseira, mode:PICK
2025-11-16 15:55:03, EXEC, v:1, k:poo@lapiseira, mode:FULL, rate:0, size:71
2025-11-16 15:55:03, EXEC, v:1, k:poo@lapiseira, mode:FULL, rate:0, size:71
2025-11-16 15:55:05, MOVE, v:1, k:poo@lapiseira, mode:BACK
2025-11-16 15:57:20, MOVE, v:1, k:poo@lapiseira, mode:PICK
2025-11-16 15:57:20, EXEC, v:1, k:poo@lapiseira, mode:FULL, rate:0, size:77
2025-11-16 15:57:23, MOVE, v:1, k:poo@lapiseira, mode:BACK
2025-11-16 16:03:37, MOVE, v:1, k:poo@lapiseira, mode:PICK
2025-11-16 16:03:37, EXEC, v:1, k:poo@lapiseira, mode:FULL, rate:0, size:83
2025-11-16 16:03:39, MOVE, v:1, k:poo@lapiseira, mode:BACK
2025-11-16 16:04:45, MOVE, v:1, k:poo@budega, mode:PICK
2025-11-16 16:04:46, EXEC, v:1, k:poo@budega, mode:FULL, rate:100
2025-11-16 16:04:47, MOVE, v:1, k:poo@budega, mode:BACK
2025-11-16 16:08:26, MOVE, v:1, k:poo@lapiseira, mode:PICK
2025-11-16 16:08:26, EXEC, v:1, k:poo@lapiseira, mode:FULL, rate:0, size:86
2025-11-16 16:08:28, MOVE, v:1, k:poo@lapiseira, mode:BACK
2025-11-16 16:16:14, MOVE, v:1, k:poo@lapiseira, mode:PICK
2025-11-16 16:16:14, EXEC, v:1, k:poo@lapiseira, mode:FULL, rate:0, size:89
2025-11-16 16:16:15, MOVE, v:1, k:poo@lapiseira, mode:BACK
2025-11-16 16:18:05, MOVE, v:1, k:poo@lapiseira, mode:PICK
2025-11-16 16:18:05, EXEC, v:1, k:poo@lapiseira, mode:FULL, rate:0, size:92
2025-11-16 16:18:15, EXEC, v:1, k:poo@lapiseira, mode:FULL, rate:0, size:92
2025-11-16 16:18:16, EXEC, v:1, k:poo@lapiseira, mode:FULL, rate:0, size:92
2025-11-16 16:18:17, MOVE, v:1, k:poo@lapiseira, mode:BACK
2025-11-16 16:23:39, MOVE, v:1, k:poo@lapiseira, mode:PICK
2025-11-16 16:23:40, EXEC, v:1, k:poo@lapiseira, mode:FULL, rate:0, size:95
2025-11-16 16:23:40, MOVE, v:1, k:poo@lapiseira, mode:BACK
2025-11-16 16:25:20, MOVE, v:1, k:poo@lapiseira, mode:PICK
2025-11-16 16:25:21, EXEC, v:1, k:poo@lapiseira, mode:FULL, rate:0, size:98
2025-11-16 16:25:22, MOVE, v:1, k:poo@lapiseira, mode:BACK
2025-11-16 16:30:16, MOVE, v:1, k:poo@lapiseira, mode:PICK
2025-11-16 16:30:16, EXEC, v:1, k:poo@lapiseira, mode:FULL, rate:0, size:101
2025-11-16 16:30:17, EXEC, v:1, k:poo@lapiseira, mode:FULL, rate:0
2025-11-16 16:30:18, MOVE, v:1, k:poo@lapiseira, mode:BACK
2025-11-16 16:35:19, MOVE, v:1, k:poo@lapiseira, mode:PICK
2025-11-16 16:35:21, EXEC, v:1, k:poo@lapiseira, mode:FULL, rate:0
2025-11-16 16:35:25, EXEC, v:1, k:poo@lapiseira, mode:FULL, rate:0
2025-11-16 16:35:25, MOVE, v:1, k:poo@lapiseira, mode:BACK
2025-11-16 16:36:48, MOVE, v:1, k:poo@lapiseira, mode:PICK
2025-11-16 16:36:49, EXEC, v:1, k:poo@lapiseira, mode:FULL, rate:0, size:102
2025-11-16 16:36:52, MOVE, v:1, k:poo@lapiseira, mode:BACK
2025-11-16 16:40:16, MOVE, v:1, k:poo@lapiseira, mode:PICK
2025-11-16 16:40:17, EXEC, v:1, k:poo@lapiseira, mode:FULL, rate:0, size:104
2025-11-16 16:43:53, EXEC, v:1, k:poo@lapiseira, mode:FULL, rate:0, size:104
2025-11-16 16:43:53, EXEC, v:1, k:poo@lapiseira, mode:FULL, rate:0, size:104
2025-11-16 16:44:50, EXEC, v:1, k:poo@lapiseira, mode:FULL, rate:0, size:104
2025-11-16 16:44:50, EXEC, v:1, k:poo@lapiseira, mode:FULL, rate:0, size:104
2025-11-16 16:45:15, EXEC, v:1, k:poo@lapiseira, mode:FULL, rate:0, size:104
2025-11-16 16:45:16, EXEC, v:1, k:poo@lapiseira, mode:FULL, rate:0
2025-11-16 16:46:24, EXEC, v:1, k:poo@lapiseira, mode:FULL, rate:0, size:104
2025-11-16 16:46:24, EXEC, v:1, k:poo@lapiseira, mode:FULL, rate:0, size:104
2025-11-16 16:49:43, EXEC, v:1, k:poo@lapiseira, mode:FULL, rate:0, size:104
2025-11-16 16:49:43, EXEC, v:1, k:poo@lapiseira, mode:FULL, rate:0
2025-11-16 16:51:30, EXEC, v:1, k:poo@lapiseira, mode:FULL, rate:0, size:103
2025-11-16 16:51:31, EXEC, v:1, k:poo@lapiseira, mode:FULL, rate:0
2025-11-16 16:52:44, EXEC, v:1, k:poo@lapiseira, mode:FULL, rate:0, size:100
2025-11-16 16:52:44, EXEC, v:1, k:poo@lapiseira, mode:FULL, rate:0, size:100
2025-11-16 16:53:39, EXEC, v:1, k:poo@lapiseira, mode:FULL, rate:0, size:99
2025-11-16 16:53:40, EXEC, v:1, k:poo@lapiseira, mode:FULL, rate:0
2025-11-16 16:57:22, EXEC, v:1, k:poo@lapiseira, mode:FULL, rate:0, size:99
2025-11-16 16:59:36, EXEC, v:1, k:poo@lapiseira, mode:FULL, rate:0, size:99
2025-11-16 16:59:37, EXEC, v:1, k:poo@lapiseira, mode:FULL, rate:0
2025-11-16 17:00:16, EXEC, v:1, k:poo@lapiseira, mode:FULL, rate:0, size:97
2025-11-16 17:00:17, EXEC, v:1, k:poo@lapiseira, mode:FULL, rate:0
2025-11-16 17:00:17, MOVE, v:1, k:poo@lapiseira, mode:BACK
2025-11-16 17:26:25, MOVE, v:1, k:poo@lapiseira, mode:PICK
2025-11-16 17:26:27, EXEC, v:1, k:poo@lapiseira, mode:FULL, rate:0, size:102
2025-11-16 17:26:27, MOVE, v:1, k:poo@lapiseira, mode:BACK
2025-11-16 17:28:51, MOVE, v:1, k:poo@lapiseira, mode:PICK
2025-11-16 17:28:52, EXEC, v:1, k:poo@lapiseira, mode:FULL, rate:0, size:105
2025-11-16 17:29:20, EXEC, v:1, k:poo@lapiseira, mode:FULL, rate:0, size:105
2025-11-16 17:29:21, EXEC, v:1, k:poo@lapiseira, mode:FULL, rate:0
2025-11-16 17:29:38, EXEC, v:1, k:poo@lapiseira, mode:FULL, rate:0, size:107
2025-11-16 17:30:45, EXEC, v:1, k:poo@lapiseira, mode:FULL, rate:28, size:107
2025-11-16 17:35:21, EXEC, v:1, k:poo@lapiseira, mode:FULL, rate:42, size:107
2025-11-16 17:35:58, EXEC, v:1, k:poo@lapiseira, mode:FULL, rate:100, size:106
2025-11-16 17:36:01, MOVE, v:1, k:poo@lapiseira, mode:BACK
2025-11-16 17:36:51, MOVE, v:1, k:poo@pula-pula, mode:DOWN
2025-11-16 18:27:29, MOVE, v:1, k:poo@pula-pula, mode:PICK
2025-11-16 18:27:29, EXEC, v:1, k:poo@pula-pula, mode:FULL, rate:0, size:0
2025-11-16 18:27:31, MOVE, v:1, k:poo@pula-pula, mode:BACK
2025-11-16 18:28:41, MOVE, v:1, k:poo@pula-pula, mode:PICK
2025-11-16 18:28:42, MOVE, v:1, k:poo@pula-pula, mode:BACK
2025-11-16 18:30:12, MOVE, v:1, k:poo@pula-pula, mode:PICK
2025-11-16 18:30:13, EXEC, v:1, k:poo@pula-pula, mode:FULL, rate:0, size:3
2025-11-16 18:30:13, EXEC, v:1, k:poo@pula-pula, mode:FULL, rate:0, size:3
2025-11-16 18:30:17, MOVE, v:1, k:poo@pula-pula, mode:BACK
2025-11-16 18:31:43, MOVE, v:1, k:poo@pula-pula, mode:PICK
2025-11-16 18:31:43, EXEC, v:1, k:poo@pula-pula, mode:FULL, rate:0, size:4
2025-11-16 18:31:58, MOVE, v:1, k:poo@pula-pula, mode:BACK
2025-11-16 18:33:03, MOVE, v:1, k:poo@pula-pula, mode:PICK
2025-11-16 18:33:04, EXEC, v:1, k:poo@pula-pula, mode:FULL, rate:0, size:7
2025-11-16 18:33:08, MOVE, v:1, k:poo@pula-pula, mode:BACK
2025-11-16 18:33:24, MOVE, v:1, k:poo@pula-pula, mode:PICK
2025-11-16 18:33:24, EXEC, v:1, k:poo@pula-pula, mode:FULL, rate:0, size:9
2025-11-16 18:33:25, EXEC, v:1, k:poo@pula-pula, mode:FULL, rate:0
2025-11-16 18:33:25, MOVE, v:1, k:poo@pula-pula, mode:BACK
2025-11-16 18:42:22, MOVE, v:1, k:poo@pula-pula, mode:PICK
2025-11-16 18:42:22, EXEC, v:1, k:poo@pula-pula, mode:FULL, rate:0, size:9
2025-11-16 18:42:23, MOVE, v:1, k:poo@pula-pula, mode:BACK
2025-11-16 18:49:45, MOVE, v:1, k:poo@pula-pula, mode:PICK
2025-11-16 18:49:46, EXEC, v:1, k:poo@pula-pula, mode:FULL, rate:0, size:12
2025-11-16 18:49:51, MOVE, v:1, k:poo@pula-pula, mode:BACK
2025-11-16 18:57:22, MOVE, v:1, k:poo@pula-pula, mode:PICK
2025-11-16 18:57:22, EXEC, v:1, k:poo@pula-pula, mode:FULL, rate:0, size:14
2025-11-16 18:57:24, MOVE, v:1, k:poo@pula-pula, mode:BACK
2025-11-16 19:04:28, MOVE, v:1, k:poo@pula-pula, mode:PICK
2025-11-16 19:04:28, EXEC, v:1, k:poo@pula-pula, mode:FULL, rate:0, size:15
2025-11-16 19:04:30, MOVE, v:1, k:poo@pula-pula, mode:BACK
2025-11-16 19:16:17, MOVE, v:1, k:poo@pula-pula, mode:PICK
2025-11-16 19:16:17, EXEC, v:1, k:poo@pula-pula, mode:FULL, rate:0, size:22
2025-11-16 19:16:18, EXEC, v:1, k:poo@pula-pula, mode:FULL, rate:0
2025-11-16 19:16:19, MOVE, v:1, k:poo@pula-pula, mode:BACK
2025-11-16 19:23:19, MOVE, v:1, k:poo@pula-pula, mode:PICK
2025-11-16 19:23:20, EXEC, v:1, k:poo@pula-pula, mode:FULL, rate:0, size:27
2025-11-16 19:23:22, MOVE, v:1, k:poo@pula-pula, mode:BACK
2025-11-16 19:26:52, MOVE, v:1, k:poo@pula-pula, mode:PICK
2025-11-16 19:26:52, EXEC, v:1, k:poo@pula-pula, mode:FULL, rate:0, size:30
2025-11-16 19:26:53, EXEC, v:1, k:poo@pula-pula, mode:FULL, rate:0
2025-11-16 19:26:54, EXEC, v:1, k:poo@pula-pula, mode:FULL, rate:0
2025-11-16 19:26:54, MOVE, v:1, k:poo@pula-pula, mode:BACK
2025-11-16 19:30:09, MOVE, v:1, k:poo@pula-pula, mode:PICK
2025-11-16 19:30:09, EXEC, v:1, k:poo@pula-pula, mode:FULL, rate:0, size:32
2025-11-16 19:30:10, MOVE, v:1, k:poo@pula-pula, mode:BACK
2025-11-16 19:36:16, MOVE, v:1, k:poo@pula-pula, mode:PICK
2025-11-16 19:36:17, EXEC, v:1, k:poo@pula-pula, mode:FULL, rate:0, size:36
2025-11-16 19:36:18, EXEC, v:1, k:poo@pula-pula, mode:FULL, rate:0
2025-11-16 19:36:18, MOVE, v:1, k:poo@pula-pula, mode:BACK
2025-11-16 19:40:10, MOVE, v:1, k:poo@pula-pula, mode:PICK
2025-11-16 19:40:11, EXEC, v:1, k:poo@pula-pula, mode:FULL, rate:0, size:36
2025-11-16 19:40:11, EXEC, v:1, k:poo@pula-pula, mode:FULL, rate:0, size:36
2025-11-16 19:40:12, EXEC, v:1, k:poo@pula-pula, mode:FULL, rate:0, size:36
2025-11-16 19:40:12, MOVE, v:1, k:poo@pula-pula, mode:BACK
2025-11-16 19:41:41, MOVE, v:1, k:poo@pula-pula, mode:PICK
2025-11-16 19:41:41, EXEC, v:1, k:poo@pula-pula, mode:FULL, rate:0, size:39
2025-11-16 19:41:42, EXEC, v:1, k:poo@pula-pula, mode:FULL, rate:0
2025-11-16 19:41:53, EXEC, v:1, k:poo@pula-pula, mode:FULL, rate:0, size:39
2025-11-16 19:41:55, MOVE, v:1, k:poo@pula-pula, mode:BACK
2025-11-16 19:49:40, MOVE, v:1, k:poo@pula-pula, mode:PICK
2025-11-16 19:49:40, EXEC, v:1, k:poo@pula-pula, mode:FULL, rate:0, size:41
2025-11-16 19:49:42, MOVE, v:1, k:poo@pula-pula, mode:BACK
2025-11-16 19:50:18, MOVE, v:1, k:poo@pula-pula, mode:PICK
2025-11-16 19:50:19, EXEC, v:1, k:poo@pula-pula, mode:FULL, rate:0
2025-11-16 19:50:19, MOVE, v:1, k:poo@pula-pula, mode:BACK
2025-11-16 19:52:21, MOVE, v:1, k:poo@pula-pula, mode:PICK
2025-11-16 19:52:21, EXEC, v:1, k:poo@pula-pula, mode:FULL, rate:0, size:45
2025-11-16 19:52:22, MOVE, v:1, k:poo@pula-pula, mode:BACK
2025-11-16 19:59:40, MOVE, v:1, k:poo@pula-pula, mode:PICK
2025-11-16 19:59:41, EXEC, v:1, k:poo@pula-pula, mode:FULL, rate:0, size:46
2025-11-16 19:59:45, MOVE, v:1, k:poo@pula-pula, mode:BACK
2025-11-16 20:03:19, MOVE, v:1, k:poo@pula-pula, mode:PICK
2025-11-16 20:03:20, EXEC, v:1, k:poo@pula-pula, mode:FULL, rate:0, size:49
2025-11-16 20:03:21, MOVE, v:1, k:poo@pula-pula, mode:BACK
2025-11-16 20:13:04, MOVE, v:1, k:poo@pula-pula, mode:PICK
2025-11-16 20:13:04, EXEC, v:1, k:poo@pula-pula, mode:FULL, rate:0, size:52
2025-11-16 20:13:05, MOVE, v:1, k:poo@pula-pula, mode:BACK
2025-11-16 20:14:44, MOVE, v:1, k:poo@pula-pula, mode:PICK
2025-11-16 20:14:44, EXEC, v:1, k:poo@pula-pula, mode:FULL, rate:0, size:55
2025-11-16 20:14:45, MOVE, v:1, k:poo@pula-pula, mode:BACK
2025-11-16 20:20:30, MOVE, v:1, k:poo@pula-pula, mode:PICK
2025-11-16 20:20:31, EXEC, v:1, k:poo@pula-pula, mode:FULL, rate:0, size:63
2025-11-16 20:20:42, MOVE, v:1, k:poo@pula-pula, mode:BACK
2025-11-16 20:25:47, MOVE, v:1, k:poo@pula-pula, mode:PICK
2025-11-16 20:25:48, EXEC, v:1, k:poo@pula-pula, mode:FULL, rate:0, size:67
2025-11-16 20:25:49, MOVE, v:1, k:poo@pula-pula, mode:BACK
2025-11-16 20:26:35, MOVE, v:1, k:poo@pula-pula, mode:PICK
2025-11-16 20:26:36, EXEC, v:1, k:poo@pula-pula, mode:FULL, rate:0, size:67
2025-11-16 20:26:51, MOVE, v:1, k:poo@pula-pula, mode:BACK
2025-11-16 20:28:08, MOVE, v:1, k:poo@pula-pula, mode:PICK
2025-11-16 20:28:08, EXEC, v:1, k:poo@pula-pula, mode:FULL, rate:0, size:69
2025-11-16 20:28:09, EXEC, v:1, k:poo@pula-pula, mode:FULL, rate:0
2025-11-16 20:28:23, EXEC, v:1, k:poo@pula-pula, mode:FULL, rate:0, size:69
2025-11-16 20:28:24, EXEC, v:1, k:poo@pula-pula, mode:FULL, rate:0
2025-11-16 20:29:06, EXEC, v:1, k:poo@pula-pula, mode:FULL, rate:0, size:69
2025-11-16 20:29:46, EXEC, v:1, k:poo@pula-pula, mode:FULL, rate:0, size:69
2025-11-16 20:29:53, EXEC, v:1, k:poo@pula-pula, mode:FULL, rate:0, size:69
2025-11-16 20:32:19, EXEC, v:1, k:poo@pula-pula, mode:FULL, rate:0
2025-11-16 20:32:20, EXEC, v:1, k:poo@pula-pula, mode:FULL, rate:0
2025-11-16 20:34:16, EXEC, v:1, k:poo@pula-pula, mode:FULL, rate:0, size:69
2025-11-16 20:34:28, EXEC, v:1, k:poo@pula-pula, mode:FULL, rate:0, size:69
2025-11-16 20:34:35, EXEC, v:1, k:poo@pula-pula, mode:FULL, rate:0, size:69
2025-11-16 20:34:43, EXEC, v:1, k:poo@pula-pula, mode:FULL, rate:20, size:69
2025-11-16 20:35:08, EXEC, v:1, k:poo@pula-pula, mode:FULL, rate:20, size:69
2025-11-16 20:36:09, EXEC, v:1, k:poo@pula-pula, mode:FULL, rate:20, size:69
2025-11-16 20:37:28, EXEC, v:1, k:poo@pula-pula, mode:FULL, rate:20
2025-11-16 20:37:28, MOVE, v:1, k:poo@pula-pula, mode:BACK
2025-11-16 20:37:33, MOVE, v:1, k:poo@pula-pula, mode:PICK
2025-11-16 20:37:34, EXEC, v:1, k:poo@pula-pula, mode:FULL, rate:20
2025-11-16 20:37:35, MOVE, v:1, k:poo@pula-pula, mode:BACK
2025-11-16 20:38:21, MOVE, v:1, k:poo@pula-pula, mode:PICK
2025-11-16 20:38:22, EXEC, v:1, k:poo@pula-pula, mode:FULL, rate:20
2025-11-16 20:39:50, EXEC, v:1, k:poo@pula-pula, mode:FULL, rate:20, size:69
2025-11-16 20:40:21, EXEC, v:1, k:poo@pula-pula, mode:FULL, rate:20, size:69
2025-11-16 20:41:30, EXEC, v:1, k:poo@pula-pula, mode:FULL, rate:20, size:70
2025-11-16 20:46:25, EXEC, v:1, k:poo@pula-pula, mode:FULL, rate:20, size:69
2025-11-16 20:46:41, EXEC, v:1, k:poo@pula-pula, mode:FULL, rate:0, size:69
2025-11-16 20:46:47, EXEC, v:1, k:poo@pula-pula, mode:FULL, rate:20, size:69
2025-11-16 20:48:28, EXEC, v:1, k:poo@pula-pula, mode:FULL, rate:20, size:69
2025-11-16 20:48:34, EXEC, v:1, k:poo@pula-pula, mode:FULL, rate:20, size:69
2025-11-16 20:48:46, MOVE, v:1, k:poo@pula-pula, mode:BACK
2025-11-16 20:49:42, MOVE, v:1, k:poo@pula-pula, mode:PICK
2025-11-16 20:49:43, EXEC, v:1, k:poo@pula-pula, mode:FULL, rate:20
2025-11-16 20:51:20, EXEC, v:1, k:poo@pula-pula, mode:FULL, rate:90, size:72
2025-11-16 20:51:46, EXEC, v:1, k:poo@pula-pula, mode:FULL, rate:90, size:73
2025-11-16 20:52:34, EXEC, v:1, k:poo@pula-pula, mode:FULL, rate:80, size:72
2025-11-16 20:52:48, EXEC, v:1, k:poo@pula-pula, mode:FULL, rate:90, size:72
2025-11-16 20:53:14, EXEC, v:1, k:poo@pula-pula, mode:FULL, rate:90, size:72
2025-11-16 20:54:00, EXEC, v:1, k:poo@pula-pula, mode:FULL, rate:90, size:72
2025-11-16 20:54:18, EXEC, v:1, k:poo@pula-pula, mode:FULL, rate:90, size:72
2025-11-16 20:55:57, EXEC, v:1, k:poo@pula-pula, mode:FULL, rate:90, size:73
2025-11-16 20:56:09, EXEC, v:1, k:poo@pula-pula, mode:FULL, rate:100, size:73
2025-11-16 20:56:11, EXEC, v:1, k:poo@pula-pula, mode:FULL, rate:100
2025-11-16 20:56:19, EXEC, v:1, k:poo@pula-pula, mode:FULL, rate:100
2025-11-16 20:56:25, MOVE, v:1, k:poo@pula-pula, mode:BACK
2025-11-16 20:56:29, MOVE, v:1, k:poo@pula-pula, mode:PICK
2025-11-16 20:56:30, EXEC, v:1, k:poo@pula-pula, mode:FULL, rate:100
2025-11-16 20:56:31, MOVE, v:1, k:poo@pula-pula, mode:BACK
2025-11-16 20:56:43, MOVE, v:1, k:poo@cinema, mode:DOWN
2025-11-16 20:56:43, MOVE, v:1, k:poo@cinema, mode:PICK
2025-11-16 20:57:13, MOVE, v:1, k:poo@cinema, mode:BACK
2025-11-16 21:04:04, MOVE, v:1, k:poo@cinema, mode:PICK
2025-11-16 21:04:05, EXEC, v:1, k:poo@cinema, mode:FULL, rate:0, size:0
2025-11-16 21:04:06, MOVE, v:1, k:poo@cinema, mode:BACK
2025-11-16 21:09:37, MOVE, v:1, k:poo@cinema, mode:PICK
2025-11-16 21:09:37, EXEC, v:1, k:poo@cinema, mode:FULL, rate:0, size:4
2025-11-16 21:09:42, EXEC, v:1, k:poo@cinema, mode:FULL, rate:0
2025-11-16 21:09:42, EXEC, v:1, k:poo@cinema, mode:FULL, rate:0
2025-11-16 21:09:42, EXEC, v:1, k:poo@cinema, mode:FULL, rate:0
2025-11-16 21:09:42, EXEC, v:1, k:poo@cinema, mode:FULL, rate:0
2025-11-16 21:09:43, EXEC, v:1, k:poo@cinema, mode:FULL, rate:0
2025-11-16 21:09:43, EXEC, v:1, k:poo@cinema, mode:FULL, rate:0
2025-11-16 21:09:43, EXEC, v:1, k:poo@cinema, mode:FULL, rate:0
2025-11-16 21:09:43, EXEC, v:1, k:poo@cinema, mode:FULL, rate:0
2025-11-16 21:09:45, MOVE, v:1, k:poo@cinema, mode:BACK
2025-11-16 21:11:19, MOVE, v:1, k:poo@cinema, mode:PICK
2025-11-16 21:11:19, EXEC, v:1, k:poo@cinema, mode:FULL, rate:0, size:7
2025-11-16 21:11:20, MOVE, v:1, k:poo@cinema, mode:BACK
2025-11-16 21:11:57, MOVE, v:1, k:poo@cinema, mode:PICK
2025-11-16 21:11:58, EXEC, v:1, k:poo@cinema, mode:FULL, rate:0, size:9
2025-11-16 21:11:58, MOVE, v:1, k:poo@cinema, mode:BACK
2025-11-16 21:12:29, MOVE, v:1, k:poo@cinema, mode:PICK
2025-11-16 21:12:30, EXEC, v:1, k:poo@cinema, mode:FULL, rate:0, size:11
2025-11-16 21:12:31, EXEC, v:1, k:poo@cinema, mode:FULL, rate:0
2025-11-16 21:12:32, MOVE, v:1, k:poo@cinema, mode:BACK
2025-11-16 21:19:07, MOVE, v:1, k:poo@cinema, mode:PICK
2025-11-16 21:19:07, EXEC, v:1, k:poo@cinema, mode:FULL, rate:0, size:11
2025-11-16 21:19:08, MOVE, v:1, k:poo@cinema, mode:BACK
2025-11-16 21:20:24, MOVE, v:1, k:poo@cinema, mode:PICK
2025-11-16 21:20:24, EXEC, v:1, k:poo@cinema, mode:FULL, rate:0, size:12
2025-11-16 21:20:25, EXEC, v:1, k:poo@cinema, mode:FULL, rate:0
2025-11-16 21:20:26, MOVE, v:1, k:poo@cinema, mode:BACK
2025-11-16 21:25:17, MOVE, v:1, k:poo@cinema, mode:PICK
2025-11-16 21:25:17, EXEC, v:1, k:poo@cinema, mode:FULL, rate:0, size:12
2025-11-16 21:25:18, MOVE, v:1, k:poo@cinema, mode:BACK
2025-11-16 21:25:29, MOVE, v:1, k:poo@cinema, mode:PICK
2025-11-16 21:25:29, EXEC, v:1, k:poo@cinema, mode:FULL, rate:0, size:12
2025-11-16 21:25:30, MOVE, v:1, k:poo@cinema, mode:BACK
2025-11-16 21:27:54, MOVE, v:1, k:poo@cinema, mode:PICK
2025-11-16 21:27:54, EXEC, v:1, k:poo@cinema, mode:FULL, rate:0, size:13
2025-11-16 21:27:56, MOVE, v:1, k:poo@cinema, mode:BACK
2025-11-16 21:29:01, MOVE, v:1, k:poo@cinema, mode:PICK
2025-11-16 21:29:02, EXEC, v:1, k:poo@cinema, mode:FULL, rate:0, size:14
2025-11-16 21:29:02, MOVE, v:1, k:poo@cinema, mode:BACK
2025-11-16 21:35:31, MOVE, v:1, k:poo@cinema, mode:PICK
2025-11-16 21:35:32, EXEC, v:1, k:poo@cinema, mode:FULL, rate:0, size:18
2025-11-16 21:35:32, EXEC, v:1, k:poo@cinema, mode:FULL, rate:0, size:18
2025-11-16 21:36:13, MOVE, v:1, k:poo@cinema, mode:BACK
2025-11-16 21:42:31, MOVE, v:1, k:poo@cinema, mode:PICK
2025-11-16 21:42:31, EXEC, v:1, k:poo@cinema, mode:FULL, rate:0, size:25
2025-11-16 21:42:32, MOVE, v:1, k:poo@cinema, mode:BACK
2025-11-16 21:51:08, MOVE, v:1, k:poo@cinema, mode:PICK
2025-11-16 21:51:08, EXEC, v:1, k:poo@cinema, mode:FULL, rate:0, size:24
2025-11-16 21:51:09, EXEC, v:1, k:poo@cinema, mode:FULL, rate:0
2025-11-16 21:51:09, MOVE, v:1, k:poo@cinema, mode:BACK
2025-11-16 21:51:10, MOVE, v:1, k:poo@cinema, mode:PICK
2025-11-16 21:51:11, EXEC, v:1, k:poo@cinema, mode:FULL, rate:0
2025-11-16 21:51:16, MOVE, v:1, k:poo@cinema, mode:BACK
2025-11-16 21:52:36, MOVE, v:1, k:poo@cinema, mode:PICK
2025-11-16 21:52:36, EXEC, v:1, k:poo@cinema, mode:FULL, rate:0, size:25
2025-11-16 21:52:37, EXEC, v:1, k:poo@cinema, mode:FULL, rate:0
2025-11-16 21:52:38, MOVE, v:1, k:poo@cinema, mode:BACK
2025-11-16 22:01:27, MOVE, v:1, k:poo@cinema, mode:PICK
2025-11-16 22:01:27, EXEC, v:1, k:poo@cinema, mode:FULL, rate:0, size:28
2025-11-16 22:01:28, EXEC, v:1, k:poo@cinema, mode:FULL, rate:0
2025-11-16 22:01:29, MOVE, v:1, k:poo@cinema, mode:BACK
2025-11-16 22:09:59, MOVE, v:1, k:poo@cinema, mode:PICK
2025-11-16 22:10:00, EXEC, v:1, k:poo@cinema, mode:FULL, rate:0, size:31
2025-11-16 22:10:00, EXEC, v:1, k:poo@cinema, mode:FULL, rate:0, size:31
2025-11-16 22:10:02, MOVE, v:1, k:poo@cinema, mode:BACK
2025-11-16 22:16:09, MOVE, v:1, k:poo@cinema, mode:PICK
2025-11-16 22:16:10, EXEC, v:1, k:poo@cinema, mode:FULL, rate:0, size:34
2025-11-16 22:16:11, MOVE, v:1, k:poo@cinema, mode:BACK
2025-11-16 22:16:11, MOVE, v:1, k:poo@cinema, mode:PICK
2025-11-16 22:16:12, MOVE, v:1, k:poo@cinema, mode:BACK
2025-11-16 22:16:45, MOVE, v:1, k:poo@cinema, mode:PICK
2025-11-16 22:16:45, EXEC, v:1, k:poo@cinema, mode:FULL, rate:0
2025-11-16 22:16:46, EXEC, v:1, k:poo@cinema, mode:FULL, rate:0
2025-11-16 22:16:46, EXEC, v:1, k:poo@cinema, mode:FULL, rate:0
2025-11-16 22:16:47, EXEC, v:1, k:poo@cinema, mode:FULL, rate:0
2025-11-16 22:16:47, MOVE, v:1, k:poo@cinema, mode:BACK
2025-11-16 22:20:42, MOVE, v:1, k:poo@cinema, mode:PICK
2025-11-16 22:20:42, EXEC, v:1, k:poo@cinema, mode:FULL, rate:0
2025-11-16 22:20:43, MOVE, v:1, k:poo@cinema, mode:BACK
2025-11-16 22:24:16, MOVE, v:1, k:poo@cinema, mode:PICK
2025-11-16 22:24:16, EXEC, v:1, k:poo@cinema, mode:FULL, rate:0, size:36
2025-11-16 22:24:17, EXEC, v:1, k:poo@cinema, mode:FULL, rate:0
2025-11-16 22:24:17, MOVE, v:1, k:poo@cinema, mode:BACK
2025-11-16 22:31:52, MOVE, v:1, k:poo@cinema, mode:PICK
2025-11-16 22:31:53, EXEC, v:1, k:poo@cinema, mode:FULL, rate:0, size:39
2025-11-16 22:31:53, MOVE, v:1, k:poo@cinema, mode:BACK
2025-11-16 22:34:13, MOVE, v:1, k:poo@cinema, mode:PICK
2025-11-16 22:34:14, EXEC, v:1, k:poo@cinema, mode:FULL, rate:0, size:38
2025-11-16 22:34:14, EXEC, v:1, k:poo@cinema, mode:FULL, rate:0, size:38
2025-11-16 22:34:16, MOVE, v:1, k:poo@cinema, mode:BACK
2025-11-16 22:34:42, MOVE, v:1, k:poo@cinema, mode:PICK
2025-11-16 22:34:42, EXEC, v:1, k:poo@cinema, mode:FULL, rate:0, size:38
2025-11-16 22:34:43, MOVE, v:1, k:poo@cinema, mode:BACK
2025-11-16 23:06:45, MOVE, v:1, k:poo@cinema, mode:PICK
2025-11-16 23:06:45, EXEC, v:1, k:poo@cinema, mode:FULL, rate:0
2025-11-16 23:06:46, MOVE, v:1, k:poo@cinema, mode:BACK
2025-11-16 23:09:29, MOVE, v:1, k:poo@cinema, mode:PICK
2025-11-16 23:09:29, EXEC, v:1, k:poo@cinema, mode:FULL, rate:0, size:44
2025-11-16 23:09:30, EXEC, v:1, k:poo@cinema, mode:FULL, rate:0
2025-11-16 23:09:32, MOVE, v:1, k:poo@cinema, mode:BACK
2025-11-16 23:10:22, MOVE, v:1, k:poo@cinema, mode:PICK
2025-11-16 23:10:22, EXEC, v:1, k:poo@cinema, mode:FULL, rate:0, size:44
2025-11-16 23:11:29, MOVE, v:1, k:poo@cinema, mode:BACK
2025-11-16 23:14:04, MOVE, v:1, k:poo@cinema, mode:PICK
2025-11-16 23:14:05, EXEC, v:1, k:poo@cinema, mode:FULL, rate:0, size:47
2025-11-16 23:14:07, MOVE, v:1, k:poo@cinema, mode:BACK
2025-11-16 23:24:22, MOVE, v:1, k:poo@cinema, mode:PICK
2025-11-16 23:24:22, EXEC, v:1, k:poo@cinema, mode:FULL, rate:0, size:47
2025-11-16 23:24:23, EXEC, v:1, k:poo@cinema, mode:FULL, rate:0
2025-11-16 23:24:24, MOVE, v:1, k:poo@cinema, mode:BACK
2025-11-16 23:33:19, MOVE, v:1, k:poo@cinema, mode:PICK
2025-11-16 23:33:19, EXEC, v:1, k:poo@cinema, mode:FULL, rate:0, size:54
2025-11-16 23:33:20, EXEC, v:1, k:poo@cinema, mode:FULL, rate:0
2025-11-16 23:33:21, MOVE, v:1, k:poo@cinema, mode:BACK
2025-11-16 23:33:36, MOVE, v:1, k:poo@cinema, mode:PICK
2025-11-16 23:33:36, EXEC, v:1, k:poo@cinema, mode:FULL, rate:0, size:56
2025-11-16 23:33:37, EXEC, v:1, k:poo@cinema, mode:FULL, rate:0
2025-11-16 23:33:56, MOVE, v:1, k:poo@cinema, mode:BACK
2025-11-16 23:41:40, MOVE, v:1, k:poo@cinema, mode:PICK
2025-11-16 23:41:40, EXEC, v:1, k:poo@cinema, mode:FULL, rate:0, size:64
2025-11-16 23:41:42, MOVE, v:1, k:poo@cinema, mode:BACK
2025-11-16 23:45:48, MOVE, v:1, k:poo@cinema, mode:PICK
2025-11-16 23:45:48, EXEC, v:1, k:poo@cinema, mode:FULL, rate:0, size:69
2025-11-16 23:47:00, MOVE, v:1, k:poo@cinema, mode:BACK
2025-11-16 23:50:35, MOVE, v:1, k:poo@cinema, mode:PICK
2025-11-16 23:50:35, EXEC, v:1, k:poo@cinema, mode:FULL, rate:0, size:78
2025-11-16 23:50:36, EXEC, v:1, k:poo@cinema, mode:FULL, rate:0
2025-11-16 23:53:33, EXEC, v:1, k:poo@cinema, mode:FULL, rate:11, size:78
2025-11-16 23:54:22, EXEC, v:1, k:poo@cinema, mode:FULL, rate:11, size:78
2025-11-16 23:55:19, MOVE, v:1, k:poo@cinema, mode:BACK
2025-11-16 23:55:45, MOVE, v:1, k:poo@cinema, mode:PICK
2025-11-16 23:55:46, EXEC, v:1, k:poo@cinema, mode:FULL, rate:11
2025-11-16 23:59:41, EXEC, v:1, k:poo@cinema, mode:FULL, rate:22, size:75
